<?xml version="1.0" encoding="UTF-8"?>
<!-- Generated by org.testng.reporters.JUnitReportReporter -->
<testsuite skipped="0" hostname="DESKTOP-4OC8GVD" name="suiteTwo.TestD" tests="1" failures="0" timestamp="09 Sep 2019 18:07:30 GMT" time="3.009" errors="0">
  <testcase name="testD" time="3.009" classname="suiteTwo.TestD"/>
</testsuite> <!-- suiteTwo.TestD -->
