<?xml version="1.0" encoding="UTF-8"?>
<!-- Generated by org.testng.reporters.JUnitReportReporter -->
<testsuite skipped="0" hostname="DESKTOP-4OC8GVD" name="suiteOne.TestA" tests="1" failures="0" timestamp="09 Sep 2019 18:07:30 GMT" time="3.011" errors="0">
  <testcase name="testA" time="3.011" classname="suiteOne.TestA"/>
</testsuite> <!-- suiteOne.TestA -->
