<?xml version="1.0" encoding="UTF-8"?>
<!-- Generated by org.testng.reporters.JUnitReportReporter -->
<testsuite skipped="0" hostname="DESKTOP-4OC8GVD" name="qafox.TestNGGRID.testcases.TestB" tests="1" failures="0" timestamp="09 Sep 2019 16:05:05 GMT" time="3.025" errors="0">
  <testcase name="testB" time="3.025" classname="qafox.TestNGGRID.testcases.TestB"/>
</testsuite> <!-- qafox.TestNGGRID.testcases.TestB -->
